c:\dev\cubesmass\cubesmass\cubesmass\debug\vc142.pdb
c:\dev\cubesmass\cubesmass\cubesmass\debug\tiledemo.obj
c:\dev\cubesmass\cubesmass\cubesmass\debug\window.obj
c:\dev\cubesmass\cubesmass\cubesmass\debug\vmath.obj
c:\dev\cubesmass\cubesmass\cubesmass\debug\timer.obj
c:\dev\cubesmass\cubesmass\cubesmass\debug\textureloader.obj
c:\dev\cubesmass\cubesmass\cubesmass\debug\scenemanager.obj
c:\dev\cubesmass\cubesmass\cubesmass\debug\scene1.obj
c:\dev\cubesmass\cubesmass\cubesmass\debug\main.obj
c:\dev\cubesmass\cubesmass\cubesmass\debug\entitycs.obj
c:\dev\cubesmass\cubesmass\cubesmass\debug\map.obj
c:\dev\cubesmass\cubesmass\cubesmass\debug\collision.obj
c:\dev\cubesmass\cubesmass\cubesmass\debug\mouseeventlistener.obj
c:\dev\cubesmass\cubesmass\cubesmass\debug\blendedsteering.obj
c:\dev\cubesmass\cubesmass\cubesmass\debug\graph.obj
c:\dev\cubesmass\cubesmass\cubesmass\debug\prionode.obj
c:\dev\cubesmass\cubesmass\cubesmass\debug\statemachine.obj
c:\dev\cubesmass\cubesmass\debug\cubesmass.pdb
c:\dev\cubesmass\cubesmass\cubesmass\debug\cubesmass.tlog\cl.command.1.tlog
c:\dev\cubesmass\cubesmass\cubesmass\debug\cubesmass.tlog\cl.read.1.tlog
c:\dev\cubesmass\cubesmass\cubesmass\debug\cubesmass.tlog\cl.write.1.tlog
c:\dev\cubesmass\cubesmass\cubesmass\debug\cubesmass.tlog\link-cvtres.read.1.tlog
c:\dev\cubesmass\cubesmass\cubesmass\debug\cubesmass.tlog\link-cvtres.write.1.tlog
c:\dev\cubesmass\cubesmass\cubesmass\debug\cubesmass.tlog\link-rc.read.1.tlog
c:\dev\cubesmass\cubesmass\cubesmass\debug\cubesmass.tlog\link-rc.write.1.tlog
c:\dev\cubesmass\cubesmass\cubesmass\debug\cubesmass.tlog\link.command.1.tlog
c:\dev\cubesmass\cubesmass\cubesmass\debug\cubesmass.tlog\link.read.1.tlog
c:\dev\cubesmass\cubesmass\cubesmass\debug\cubesmass.tlog\link.write.1.tlog
