  PrioNode.cpp
  Graph.cpp
  BlendedSteering.cpp
  MouseEventListener.cpp
  Collision.cpp
  Map.cpp
  EntityCS.cpp
  Main.cpp
  Scene1.cpp
C:\dev\CubesMass\CubesMass\CubesMass\Source\AI\BlendedSteering.h(138,1): error C2664: 'FollowPath::FollowPath(float,float,std::vector<TileDemo *,std::allocator<TileDemo *>> *,std::vector<int,std::allocator<int>>)': cannot convert argument 3 from 'std::vector<TileDemo *,std::allocator<TileDemo *>>' to 'std::vector<TileDemo *,std::allocator<TileDemo *>> *'
C:\dev\CubesMass\CubesMass\CubesMass\Source\AI\BlendedSteering.h(138,36): message : No user-defined-conversion operator available that can perform this conversion, or the operator cannot be called
C:\dev\CubesMass\CubesMass\CubesMass\Source\AI\FollowPath.h(26,2): message : see declaration of 'FollowPath::FollowPath'
C:\dev\CubesMass\CubesMass\CubesMass\Source\EntityCS\AIController.h(101): message : see reference to function template instantiation 'T &BlendedSteering::addSteering<FollowPath,float,float,std::vector<TileDemo *,std::allocator<TileDemo *>>&,std::vector<int,std::allocator<int>>>(float &&,float &&,std::vector<TileDemo *,std::allocator<TileDemo *>> &,std::vector<int,std::allocator<int>> &&)' being compiled
          with
          [
              T=FollowPath
          ]
  SceneManager.cpp
  TextureLoader.cpp
  Timer.cpp
  VMath.cpp
  Window.cpp
  TileDemo.cpp
  Generating Code...
C:\dev\CubesMass\CubesMass\CubesMass\Source\AI\Pathfinding\Graph\Graph.cpp(190): warning C4715: 'Graph::findPathUsingAStar': not all control paths return a value
